0.07299995422363281	EXP	Created Window = Window( name=Window, fullscr=true, color=#808080, units=height, waitBlanking=null, autoLog=true, size=[1360,629] )
2.4090001583099365	EXP	Created pracText1 = TextStim( name=pracText1, win=Window( name=Window, fullscr=true, color=#808080, ~), autoDraw=null, autoLog=true, units=height, ori=null, opacity=1, pos=[0,0], size=undefined, text=Welcome to this experiment.

In this task, you wil~, font=Arial, color=#FFFFFF, contrast=1, height=0.04, bold=null, italic=null, alignHoriz=center, alignVert=center, wrapWidth=1, flipHoriz=null, flipVert=null )
2.4100000858306885	EXP	Created practInst2 = TextStim( name=practInst2, win=Window( name=Window, fullscr=true, color=#808080, ~), autoDraw=null, autoLog=true, units=height, ori=null, opacity=1, pos=[0,0], size=undefined, text=In this task, you must respond to the direction of~, font=Arial, color=#FFFFFF, contrast=1, height=0.04, bold=null, italic=null, alignHoriz=center, alignVert=center, wrapWidth=1, flipHoriz=null, flipVert=null )
2.4120001792907715	EXP	Created image = ImageStim( name=image, win=Window( name=Window, fullscr=true, color=#808080, ~), autoDraw=null, autoLog=true, units=height, ori=null, opacity=1, pos=[0,0], size=[0.25,0.25], image={}, mask=undefined, color=#ffffff, contrast=1, texRes=128, interpolate=true, depth=-1, flipHoriz=null, flipVert=null )
2.4149999618530273	EXP	Created cues = ImageStim( name=cues, win=Window( name=Window, fullscr=true, color=#808080, ~), autoDraw=null, autoLog=true, units=height, ori=null, opacity=1, pos=[0,0], size=[0.25,0.25], image=undefined, mask=undefined, color=#ffffff, contrast=1, texRes=128, interpolate=true, depth=null, flipHoriz=null, flipVert=null )
2.4160001277923584	EXP	Created target = ImageStim( name=target, win=Window( name=Window, fullscr=true, color=#808080, ~), autoDraw=null, autoLog=true, units=height, ori=1, opacity=1, pos=[0,0], size=[0.25,0.25], image=undefined, mask=undefined, color=#ffffff, contrast=1, texRes=128, interpolate=true, depth=-1, flipHoriz=null, flipVert=null )
2.4170000553131104	EXP	Created fixationshort = ImageStim( name=fixationshort, win=Window( name=Window, fullscr=true, color=#808080, ~), autoDraw=null, autoLog=true, units=height, ori=null, opacity=1, pos=[0,0], size=[0.25,0.25], image={}, mask=undefined, color=#ffffff, contrast=1, texRes=128, interpolate=true, depth=-3, flipHoriz=null, flipVert=null )
2.4170000553131104	EXP	Created text = TextStim( name=text, win=Window( name=Window, fullscr=true, color=#808080, ~), autoDraw=null, autoLog=true, units=height, ori=null, opacity=1, pos=[0,0], size=undefined, text= , font=Arial, color=#FFFFFF, contrast=1, height=0.04, bold=null, italic=null, alignHoriz=center, alignVert=center, wrapWidth=1, flipHoriz=null, flipVert=null )
2.4179999828338623	EXP	Created mainInst = TextStim( name=mainInst, win=Window( name=Window, fullscr=true, color=#808080, ~), autoDraw=null, autoLog=true, units=height, ori=null, opacity=1, pos=[0,0], size=undefined, text=That is the end of the practice trials.

The main ~, font=Arial, color=#FFFFFF, contrast=1, height=0.04, bold=null, italic=null, alignHoriz=center, alignVert=center, wrapWidth=1, flipHoriz=null, flipVert=null )
2.4179999828338623	EXP	Created image = ImageStim( name=image, win=Window( name=Window, fullscr=true, color=#808080, ~), autoDraw=null, autoLog=true, units=height, ori=null, opacity=1, pos=[0,0], size=[0.25,0.25], image={}, mask=undefined, color=#ffffff, contrast=1, texRes=128, interpolate=true, depth=-1, flipHoriz=null, flipVert=null )
2.4190001487731934	EXP	Created cues = ImageStim( name=cues, win=Window( name=Window, fullscr=true, color=#808080, ~), autoDraw=null, autoLog=true, units=height, ori=null, opacity=1, pos=[0,0], size=[0.25,0.25], image=undefined, mask=undefined, color=#ffffff, contrast=1, texRes=128, interpolate=true, depth=null, flipHoriz=null, flipVert=null )
2.4200000762939453	EXP	Created target = ImageStim( name=target, win=Window( name=Window, fullscr=true, color=#808080, ~), autoDraw=null, autoLog=true, units=height, ori=1, opacity=1, pos=[0,0], size=[0.25,0.25], image=undefined, mask=undefined, color=#ffffff, contrast=1, texRes=128, interpolate=true, depth=-1, flipHoriz=null, flipVert=null )
2.4210000038146973	EXP	Created fixationshort = ImageStim( name=fixationshort, win=Window( name=Window, fullscr=true, color=#808080, ~), autoDraw=null, autoLog=true, units=height, ori=null, opacity=1, pos=[0,0], size=[0.25,0.25], image={}, mask=undefined, color=#ffffff, contrast=1, texRes=128, interpolate=true, depth=-3, flipHoriz=null, flipVert=null )
2.4210000038146973	EXP	Created rest = TextStim( name=rest, win=Window( name=Window, fullscr=true, color=#808080, ~), autoDraw=null, autoLog=true, units=height, ori=null, opacity=1, pos=[0,0], size=undefined, text=You have completed a block of main trials.

Have a~, font=Arial, color=#FFFFFF, contrast=1, height=0.04, bold=null, italic=null, alignHoriz=center, alignVert=center, wrapWidth=1, flipHoriz=null, flipVert=null )
2.4220001697540283	EXP	Created endText = TextStim( name=endText, win=Window( name=Window, fullscr=true, color=#808080, ~), autoDraw=null, autoLog=true, units=height, ori=null, opacity=1, pos=[0,0], size=undefined, text=That is the end of the main trial. 

Thank you for~, font=Arial, color=#FFFFFF, contrast=1, height=0.03, bold=null, italic=null, alignHoriz=center, alignVert=center, wrapWidth=1, flipHoriz=null, flipVert=null )
2.437000036239624	EXP	pracText1: units = "height"
2.437000036239624	EXP	pracText1: ori = 0
2.437000036239624	EXP	pracText1: opacity = 1
2.437000036239624	EXP	pracText1: pos = [0,0]
2.437000036239624	EXP	pracText1: size = undefined
2.437000036239624	EXP	pracText1: text = "Welcome to this experiment.\n\nIn this task, you will be presented with a central arrow surrounded by arrows or blocks. The central arrow will point left or right.\n\nSometimes the flanking arrows will be pointing in the same direction as the central arrow, and sometimes the flanking arrows will point in the oppoiste direction to the central arrow.\n\neg. >>>>> or >><>>\n\nYour task is to respond to the direction of the central arrow.\n\nIf the central arrow points to the right, press the right arrow key and if the arrow points to the left, press the left arrow key.\n\nPress the space bar to continue."
2.437000036239624	EXP	pracText1: font = "Arial"
2.437000036239624	EXP	pracText1: color = {"_hex":"#FFFFFF","_rgb":[1,1,1]}
2.437000036239624	EXP	pracText1: contrast = 1
2.437000036239624	EXP	pracText1: height = 0.04
2.437000036239624	EXP	pracText1: bold = false
2.437000036239624	EXP	pracText1: italic = false
2.437000036239624	EXP	pracText1: alignHoriz = "center"
2.437000036239624	EXP	pracText1: alignVert = "center"
2.437000036239624	EXP	pracText1: wrapWidth = 1
2.437000036239624	EXP	pracText1: flipHoriz = false
2.437000036239624	EXP	pracText1: flipVert = false
2.437000036239624	EXP	practInst2: units = "height"
2.437000036239624	EXP	practInst2: ori = 0
2.437000036239624	EXP	practInst2: opacity = 1
2.437000036239624	EXP	practInst2: pos = [0,0]
2.437000036239624	EXP	practInst2: size = undefined
2.437000036239624	EXP	practInst2: text = "In this task, you must respond to the direction of the centre arrow using the arrow keys.\n\nFirst, a fixation cross will appear in the centre of the screen. The fixation is sometimes followed by blocks on the screen, which may or may not\ncue the location of the target stimulus. If the blocks appear after the fixation, it means that the target will appear shortly.\n\nIf the blocks appears either above OR below the fixation cross, the target will shortly appear in that cued location.\n\nFirst there will be a practice trial, where you will recieve feedback and reaction times for each correct response.\n\nPlace your index fingers on the left and right keys ready to start, and press the spacebar to proceed."
2.437000036239624	EXP	practInst2: font = "Arial"
2.437000036239624	EXP	practInst2: color = {"_hex":"#FFFFFF","_rgb":[1,1,1]}
2.437000036239624	EXP	practInst2: contrast = 1
2.437000036239624	EXP	practInst2: height = 0.04
2.437000036239624	EXP	practInst2: bold = false
2.437000036239624	EXP	practInst2: italic = false
2.437000036239624	EXP	practInst2: alignHoriz = "center"
2.437000036239624	EXP	practInst2: alignVert = "center"
2.437000036239624	EXP	practInst2: wrapWidth = 1
2.437000036239624	EXP	practInst2: flipHoriz = false
2.437000036239624	EXP	practInst2: flipVert = false
2.437000036239624	EXP	image: units = "height"
2.437000036239624	EXP	image: ori = 0
2.437000036239624	EXP	image: opacity = 1
2.437000036239624	EXP	image: pos = [0,0]
2.437000036239624	EXP	image: size = [0.25,0.25]
2.437000036239624	EXP	image: image = {}
2.437000036239624	EXP	image: mask = undefined
2.437000036239624	EXP	image: color = {"_rgb":[1,1,1]}
2.437000036239624	EXP	image: contrast = 1
2.437000036239624	EXP	image: texRes = 128
2.437000036239624	EXP	image: interpolate = true
2.437000036239624	EXP	image: depth = -1
2.437000036239624	EXP	image: flipHoriz = false
2.437000036239624	EXP	image: flipVert = false
2.437000036239624	EXP	cues: units = "height"
2.437000036239624	EXP	cues: ori = 0
2.437000036239624	EXP	cues: opacity = 1
2.437000036239624	EXP	cues: pos = [0,0]
2.437000036239624	EXP	cues: size = [0.25,0.25]
2.437000036239624	EXP	cues: image = undefined
2.437000036239624	EXP	cues: mask = undefined
2.437000036239624	EXP	cues: color = {"_rgb":[1,1,1]}
2.437000036239624	EXP	cues: contrast = 1
2.437000036239624	EXP	cues: texRes = 128
2.437000036239624	EXP	cues: interpolate = true
2.437000036239624	EXP	cues: depth = 0
2.437000036239624	EXP	cues: flipHoriz = false
2.437000036239624	EXP	cues: flipVert = false
2.437000036239624	EXP	target: units = "height"
2.437000036239624	EXP	target: ori = 1
2.437000036239624	EXP	target: opacity = 1
2.437000036239624	EXP	target: pos = [0,0]
2.437000036239624	EXP	target: size = [0.25,0.25]
2.437000036239624	EXP	target: image = undefined
2.437000036239624	EXP	target: mask = undefined
2.437000036239624	EXP	target: color = {"_rgb":[1,1,1]}
2.437000036239624	EXP	target: contrast = 1
2.437000036239624	EXP	target: texRes = 128
2.437000036239624	EXP	target: interpolate = true
2.437000036239624	EXP	target: depth = -1
2.437000036239624	EXP	target: flipHoriz = false
2.437000036239624	EXP	target: flipVert = false
2.437000036239624	EXP	fixationshort: units = "height"
2.437000036239624	EXP	fixationshort: ori = 0
2.437000036239624	EXP	fixationshort: opacity = 1
2.437000036239624	EXP	fixationshort: pos = [0,0]
2.437000036239624	EXP	fixationshort: size = [0.25,0.25]
2.437000036239624	EXP	fixationshort: image = {}
2.437000036239624	EXP	fixationshort: mask = undefined
2.437000036239624	EXP	fixationshort: color = {"_rgb":[1,1,1]}
2.437000036239624	EXP	fixationshort: contrast = 1
2.437000036239624	EXP	fixationshort: texRes = 128
2.437000036239624	EXP	fixationshort: interpolate = true
2.437000036239624	EXP	fixationshort: depth = -3
2.437000036239624	EXP	fixationshort: flipHoriz = false
2.437000036239624	EXP	fixationshort: flipVert = false
2.437000036239624	EXP	text: units = "height"
2.437000036239624	EXP	text: ori = 0
2.437000036239624	EXP	text: opacity = 1
2.437000036239624	EXP	text: pos = [0,0]
2.437000036239624	EXP	text: size = undefined
2.437000036239624	EXP	text: text = " "
2.437000036239624	EXP	text: font = "Arial"
2.437000036239624	EXP	text: color = {"_hex":"#FFFFFF","_rgb":[1,1,1]}
2.437000036239624	EXP	text: contrast = 1
2.437000036239624	EXP	text: height = 0.04
2.437000036239624	EXP	text: bold = false
2.437000036239624	EXP	text: italic = false
2.437000036239624	EXP	text: alignHoriz = "center"
2.437000036239624	EXP	text: alignVert = "center"
2.437000036239624	EXP	text: wrapWidth = 1
2.437000036239624	EXP	text: flipHoriz = false
2.437000036239624	EXP	text: flipVert = false
2.437000036239624	EXP	mainInst: units = "height"
2.437000036239624	EXP	mainInst: ori = 0
2.437000036239624	EXP	mainInst: opacity = 1
2.437000036239624	EXP	mainInst: pos = [0,0]
2.437000036239624	EXP	mainInst: size = undefined
2.437000036239624	EXP	mainInst: text = "That is the end of the practice trials.\n\nThe main trials will now begin. There will be 3 blocks of trials, with a rest period between each one. \n\nThe main trials involve the same instructions as before, however, you will not receive feedback on your responses.\n\nPress the spacebar to continue."
2.437000036239624	EXP	mainInst: font = "Arial"
2.437000036239624	EXP	mainInst: color = {"_hex":"#FFFFFF","_rgb":[1,1,1]}
2.437000036239624	EXP	mainInst: contrast = 1
2.437000036239624	EXP	mainInst: height = 0.04
2.437000036239624	EXP	mainInst: bold = false
2.437000036239624	EXP	mainInst: italic = false
2.437000036239624	EXP	mainInst: alignHoriz = "center"
2.437000036239624	EXP	mainInst: alignVert = "center"
2.437000036239624	EXP	mainInst: wrapWidth = 1
2.437000036239624	EXP	mainInst: flipHoriz = false
2.437000036239624	EXP	mainInst: flipVert = false
2.437000036239624	EXP	image: units = "height"
2.437000036239624	EXP	image: ori = 0
2.437000036239624	EXP	image: opacity = 1
2.437000036239624	EXP	image: pos = [0,0]
2.437000036239624	EXP	image: size = [0.25,0.25]
2.437000036239624	EXP	image: image = {}
2.437000036239624	EXP	image: mask = undefined
2.437000036239624	EXP	image: color = {"_rgb":[1,1,1]}
2.437000036239624	EXP	image: contrast = 1
2.437000036239624	EXP	image: texRes = 128
2.437000036239624	EXP	image: interpolate = true
2.437000036239624	EXP	image: depth = -1
2.437000036239624	EXP	image: flipHoriz = false
2.437000036239624	EXP	image: flipVert = false
2.437000036239624	EXP	cues: units = "height"
2.437000036239624	EXP	cues: ori = 0
2.437000036239624	EXP	cues: opacity = 1
2.437000036239624	EXP	cues: pos = [0,0]
2.437000036239624	EXP	cues: size = [0.25,0.25]
2.437000036239624	EXP	cues: image = undefined
2.437000036239624	EXP	cues: mask = undefined
2.437000036239624	EXP	cues: color = {"_rgb":[1,1,1]}
2.437000036239624	EXP	cues: contrast = 1
2.437000036239624	EXP	cues: texRes = 128
2.437000036239624	EXP	cues: interpolate = true
2.437000036239624	EXP	cues: depth = 0
2.437000036239624	EXP	cues: flipHoriz = false
2.437000036239624	EXP	cues: flipVert = false
2.437000036239624	EXP	target: units = "height"
2.437000036239624	EXP	target: ori = 1
2.437000036239624	EXP	target: opacity = 1
2.437000036239624	EXP	target: pos = [0,0]
2.437000036239624	EXP	target: size = [0.25,0.25]
2.437000036239624	EXP	target: image = undefined
2.437000036239624	EXP	target: mask = undefined
2.437000036239624	EXP	target: color = {"_rgb":[1,1,1]}
2.437000036239624	EXP	target: contrast = 1
2.437000036239624	EXP	target: texRes = 128
2.437000036239624	EXP	target: interpolate = true
2.437000036239624	EXP	target: depth = -1
2.437000036239624	EXP	target: flipHoriz = false
2.437000036239624	EXP	target: flipVert = false
2.437000036239624	EXP	fixationshort: units = "height"
2.437000036239624	EXP	fixationshort: ori = 0
2.437000036239624	EXP	fixationshort: opacity = 1
2.437000036239624	EXP	fixationshort: pos = [0,0]
2.437000036239624	EXP	fixationshort: size = [0.25,0.25]
2.437000036239624	EXP	fixationshort: image = {}
2.437000036239624	EXP	fixationshort: mask = undefined
2.437000036239624	EXP	fixationshort: color = {"_rgb":[1,1,1]}
2.437000036239624	EXP	fixationshort: contrast = 1
2.437000036239624	EXP	fixationshort: texRes = 128
2.437000036239624	EXP	fixationshort: interpolate = true
2.437000036239624	EXP	fixationshort: depth = -3
2.437000036239624	EXP	fixationshort: flipHoriz = false
2.437000036239624	EXP	fixationshort: flipVert = false
2.437000036239624	EXP	rest: units = "height"
2.437000036239624	EXP	rest: ori = 0
2.437000036239624	EXP	rest: opacity = 1
2.437000036239624	EXP	rest: pos = [0,0]
2.437000036239624	EXP	rest: size = undefined
2.437000036239624	EXP	rest: text = "You have completed a block of main trials.\n\nHave a short rest as required, and press the space bar to continue to the next block of trials when you are ready."
2.437000036239624	EXP	rest: font = "Arial"
2.437000036239624	EXP	rest: color = {"_hex":"#FFFFFF","_rgb":[1,1,1]}
2.437000036239624	EXP	rest: contrast = 1
2.437000036239624	EXP	rest: height = 0.04
2.437000036239624	EXP	rest: bold = false
2.437000036239624	EXP	rest: italic = false
2.437000036239624	EXP	rest: alignHoriz = "center"
2.437000036239624	EXP	rest: alignVert = "center"
2.437000036239624	EXP	rest: wrapWidth = 1
2.437000036239624	EXP	rest: flipHoriz = false
2.437000036239624	EXP	rest: flipVert = false
2.437000036239624	EXP	endText: units = "height"
2.437000036239624	EXP	endText: ori = 0
2.437000036239624	EXP	endText: opacity = 1
2.437000036239624	EXP	endText: pos = [0,0]
2.437000036239624	EXP	endText: size = undefined
2.437000036239624	EXP	endText: text = "That is the end of the main trial. \n\nThank you for taking part in this experiment.\n\nPress any key to exit."
2.437000036239624	EXP	endText: font = "Arial"
2.437000036239624	EXP	endText: color = {"_hex":"#FFFFFF","_rgb":[1,1,1]}
2.437000036239624	EXP	endText: contrast = 1
2.437000036239624	EXP	endText: height = 0.03
2.437000036239624	EXP	endText: bold = false
2.437000036239624	EXP	endText: italic = false
2.437000036239624	EXP	endText: alignHoriz = "center"
2.437000036239624	EXP	endText: alignVert = "center"
2.437000036239624	EXP	endText: wrapWidth = 1
2.437000036239624	EXP	endText: flipHoriz = false
2.437000036239624	EXP	endText: flipVert = false
2.437000036239624	EXP	pracText1: autoDraw = true
4.259999990463257	DATA	Keydown:  
4.272000074386597	EXP	pracText1: autoDraw = false
4.272000074386597	EXP	practInst2: autoDraw = true
5.019999980926514	DATA	Keydown:  
5.061000108718872	EXP	practInst2: autoDraw = false
5.061000108718872	EXP	image: autoDraw = true
5.569000005722046	EXP	image: autoDraw = false
5.569000005722046	EXP	image: autoDraw = false
5.569000005722046	EXP	cues: image = {}
5.569000005722046	EXP	target: ori = 180
5.569000005722046	EXP	target: image = {}
5.569000005722046	EXP	cues: autoDraw = true
5.569000005722046	EXP	fixationshort: autoDraw = true
5.663000106811523	EXP	cues: autoDraw = false
6.062999963760376	EXP	fixationshort: autoDraw = false
6.081000089645386	EXP	target: autoDraw = true
6.96399998664856	DATA	Keydown: ArrowLeft
6.983999967575073	EXP	cues: autoDraw = false
6.983999967575073	EXP	target: autoDraw = false
6.983999967575073	EXP	fixationshort: autoDraw = false
6.983999967575073	EXP	text: text = "Correct! RT=0.898"
6.983999967575073	EXP	text: autoDraw = true
7.985000133514404	EXP	text: autoDraw = false
7.985000133514404	EXP	text: autoDraw = false
7.985000133514404	EXP	mainInst: autoDraw = true
10.413000106811523	DATA	Keydown:  
10.443000078201294	EXP	mainInst: autoDraw = false
10.443000078201294	EXP	image: autoDraw = true
11.097000122070312	EXP	image: autoDraw = false
11.097000122070312	EXP	image: autoDraw = false
11.097000122070312	EXP	cues: image = {}
11.097000122070312	EXP	target: ori = 0
11.097000122070312	EXP	target: image = {}
11.097000122070312	EXP	cues: autoDraw = true
11.097000122070312	EXP	fixationshort: autoDraw = true
11.195000171661377	EXP	cues: autoDraw = false
11.595999956130981	EXP	target: autoDraw = true
11.595999956130981	EXP	fixationshort: autoDraw = false
12.308000087738037	DATA	Keydown: ArrowLeft
12.317000150680542	EXP	cues: autoDraw = false
12.317000150680542	EXP	target: autoDraw = false
12.317000150680542	EXP	fixationshort: autoDraw = false
12.317000150680542	EXP	rest: autoDraw = true
13.332000017166138	DATA	Keydown:  
13.353000164031982	EXP	rest: autoDraw = false
13.353000164031982	EXP	endText: autoDraw = true
14.308000087738037	DATA	Keydown:  
